<?xml version="1.0" encoding="UTF-8"?>
<!-- Generated by org.testng.reporters.JUnitReportReporter -->
<testsuite hostname="LAPTOP-L52CB1G6" failures="0" tests="1" name="Test.ForgotPageTest" time="28.386" errors="0" timestamp="2022-06-24T18:24:02 IST" skipped="0">
  <testcase classname="Test.ForgotPageTest" name="LoginValidCredential" time="28.386"/>
  <system-out/>
</testsuite> <!-- Test.ForgotPageTest -->
