<?xml version="1.0" encoding="UTF-8"?>
<!-- Generated by org.testng.reporters.JUnitReportReporter -->
<testsuite hostname="LAPTOP-L52CB1G6" failures="0" tests="3" name="Test.LoginPageTest" time="22.006" errors="0" timestamp="2022-06-07T11:56:12 IST" skipped="0">
  <testcase classname="Test.LoginPageTest" name="signupLinkTest" time="5.330"/>
  <system-out/>
  <testcase classname="Test.LoginPageTest" name="forgotPasswordLinkTest" time="9.529"/>
  <system-out/>
  <testcase classname="Test.LoginPageTest" name="loginWithValidCredentialsTest" time="7.147"/>
  <system-out/>
</testsuite> <!-- Test.LoginPageTest -->
