<?xml version="1.0" encoding="UTF-8"?>
<!-- Generated by org.testng.reporters.JUnitReportReporter -->
<testsuite hostname="LAPTOP-L52CB1G6" failures="0" tests="1" name="Test.SignUpPageTest" time="5.146" errors="0" timestamp="2022-06-08T12:03:47 IST" skipped="0">
  <testcase classname="Test.SignUpPageTest" name="validSignUpClick" time="5.146"/>
  <system-out/>
</testsuite> <!-- Test.SignUpPageTest -->
