<?xml version="1.0" encoding="UTF-8"?>
<!-- Generated by org.testng.reporters.JUnitReportReporter -->
<testsuite hostname="LAPTOP-L52CB1G6" failures="0" tests="2" name="POM.Annotation" time="0.014" errors="0" timestamp="2022-06-01T23:05:10 IST" skipped="0">
  <testcase classname="POM.Annotation" name="test1" time="0.010"/>
  <system-out/>
  <testcase classname="POM.Annotation" name="test2" time="0.004"/>
  <system-out/>
</testsuite> <!-- POM.Annotation -->
