<?xml version="1.0" encoding="UTF-8"?>
<!-- Generated by org.testng.reporters.JUnitReportReporter -->
<testsuite hostname="LAPTOP-L52CB1G6" failures="0" tests="1" name="Test.PinPageTesst" time="7.792" errors="0" timestamp="2022-06-07T12:30:06 IST" skipped="0">
  <testcase classname="Test.PinPageTesst" name="loginToZerodhaWithPinTest" time="7.792"/>
  <system-out/>
</testsuite> <!-- Test.PinPageTesst -->
